<?xml version="1.0" encoding="UTF-8"?>
<testsuite xmlns:xsi="http://www.w3.org/2001/XMLSchema-instance" xsi:noNamespaceSchemaLocation="https://maven.apache.org/surefire/maven-surefire-plugin/xsd/surefire-test-report.xsd" name="com.selimhorri.app.service.UserServiceImplTest" time="0.947" tests="7" errors="0" skipped="0" failures="0">
  <properties>
    <property name="sun.desktop" value="windows"/>
    <property name="awt.toolkit" value="sun.awt.windows.WToolkit"/>
    <property name="java.specification.version" value="11"/>
    <property name="sun.cpu.isalist" value="amd64"/>
    <property name="sun.jnu.encoding" value="Cp1252"/>
    <property name="java.class.path" value="C:\Users\ALEJANDRO\Desktop\ecommerce-microservice-backend-app-Manuel\user-service\target\test-classes;C:\Users\ALEJANDRO\Desktop\ecommerce-microservice-backend-app-Manuel\user-service\target\classes;C:\Users\ALEJANDRO\.m2\repository\org\springframework\cloud\spring-cloud-starter\3.0.4\spring-cloud-starter-3.0.4.jar;C:\Users\ALEJANDRO\.m2\repository\org\springframework\cloud\spring-cloud-context\3.0.4\spring-cloud-context-3.0.4.jar;C:\Users\ALEJANDRO\.m2\repository\org\springframework\security\spring-security-crypto\5.5.3\spring-security-crypto-5.5.3.jar;C:\Users\ALEJANDRO\.m2\repository\org\springframework\cloud\spring-cloud-commons\3.0.4\spring-cloud-commons-3.0.4.jar;C:\Users\ALEJANDRO\.m2\repository\org\springframework\security\spring-security-rsa\1.0.10.RELEASE\spring-security-rsa-1.0.10.RELEASE.jar;C:\Users\ALEJANDRO\.m2\repository\org\bouncycastle\bcpkix-jdk15on\1.68\bcpkix-jdk15on-1.68.jar;C:\Users\ALEJANDRO\.m2\repository\org\bouncycastle\bcprov-jdk15on\1.68\bcprov-jdk15on-1.68.jar;C:\Users\ALEJANDRO\.m2\repository\org\springframework\cloud\spring-cloud-starter-config\3.0.5\spring-cloud-starter-config-3.0.5.jar;C:\Users\ALEJANDRO\.m2\repository\org\springframework\cloud\spring-cloud-config-client\3.0.5\spring-cloud-config-client-3.0.5.jar;C:\Users\ALEJANDRO\.m2\repository\com\fasterxml\jackson\core\jackson-databind\2.12.5\jackson-databind-2.12.5.jar;C:\Users\ALEJANDRO\.m2\repository\org\springframework\boot\spring-boot-starter-data-jpa\2.5.7\spring-boot-starter-data-jpa-2.5.7.jar;C:\Users\ALEJANDRO\.m2\repository\org\springframework\boot\spring-boot-starter-aop\2.5.7\spring-boot-starter-aop-2.5.7.jar;C:\Users\ALEJANDRO\.m2\repository\org\springframework\spring-aop\5.3.13\spring-aop-5.3.13.jar;C:\Users\ALEJANDRO\.m2\repository\org\aspectj\aspectjweaver\1.9.7\aspectjweaver-1.9.7.jar;C:\Users\ALEJANDRO\.m2\repository\org\springframework\boot\spring-boot-starter-jdbc\2.5.7\spring-boot-starter-jdbc-2.5.7.jar;C:\Users\ALEJANDRO\.m2\repository\com\zaxxer\HikariCP\4.0.3\HikariCP-4.0.3.jar;C:\Users\ALEJANDRO\.m2\repository\org\springframework\spring-jdbc\5.3.13\spring-jdbc-5.3.13.jar;C:\Users\ALEJANDRO\.m2\repository\jakarta\transaction\jakarta.transaction-api\1.3.3\jakarta.transaction-api-1.3.3.jar;C:\Users\ALEJANDRO\.m2\repository\jakarta\persistence\jakarta.persistence-api\2.2.3\jakarta.persistence-api-2.2.3.jar;C:\Users\ALEJANDRO\.m2\repository\org\hibernate\hibernate-core\5.4.32.Final\hibernate-core-5.4.32.Final.jar;C:\Users\ALEJANDRO\.m2\repository\org\jboss\logging\jboss-logging\3.4.2.Final\jboss-logging-3.4.2.Final.jar;C:\Users\ALEJANDRO\.m2\repository\org\javassist\javassist\3.27.0-GA\javassist-3.27.0-GA.jar;C:\Users\ALEJANDRO\.m2\repository\net\bytebuddy\byte-buddy\1.10.22\byte-buddy-1.10.22.jar;C:\Users\ALEJANDRO\.m2\repository\antlr\antlr\2.7.7\antlr-2.7.7.jar;C:\Users\ALEJANDRO\.m2\repository\org\jboss\jandex\2.2.3.Final\jandex-2.2.3.Final.jar;C:\Users\ALEJANDRO\.m2\repository\com\fasterxml\classmate\1.5.1\classmate-1.5.1.jar;C:\Users\ALEJANDRO\.m2\repository\org\dom4j\dom4j\2.1.3\dom4j-2.1.3.jar;C:\Users\ALEJANDRO\.m2\repository\org\hibernate\common\hibernate-commons-annotations\5.1.2.Final\hibernate-commons-annotations-5.1.2.Final.jar;C:\Users\ALEJANDRO\.m2\repository\org\glassfish\jaxb\jaxb-runtime\2.3.5\jaxb-runtime-2.3.5.jar;C:\Users\ALEJANDRO\.m2\repository\org\glassfish\jaxb\txw2\2.3.5\txw2-2.3.5.jar;C:\Users\ALEJANDRO\.m2\repository\com\sun\istack\istack-commons-runtime\3.0.12\istack-commons-runtime-3.0.12.jar;C:\Users\ALEJANDRO\.m2\repository\com\sun\activation\jakarta.activation\1.2.2\jakarta.activation-1.2.2.jar;C:\Users\ALEJANDRO\.m2\repository\org\springframework\data\spring-data-jpa\2.5.7\spring-data-jpa-2.5.7.jar;C:\Users\ALEJANDRO\.m2\repository\org\springframework\data\spring-data-commons\2.5.7\spring-data-commons-2.5.7.jar;C:\Users\ALEJANDRO\.m2\repository\org\springframework\spring-orm\5.3.13\spring-orm-5.3.13.jar;C:\Users\ALEJANDRO\.m2\repository\org\springframework\spring-context\5.3.13\spring-context-5.3.13.jar;C:\Users\ALEJANDRO\.m2\repository\org\springframework\spring-tx\5.3.13\spring-tx-5.3.13.jar;C:\Users\ALEJANDRO\.m2\repository\org\springframework\spring-beans\5.3.13\spring-beans-5.3.13.jar;C:\Users\ALEJANDRO\.m2\repository\org\slf4j\slf4j-api\1.7.32\slf4j-api-1.7.32.jar;C:\Users\ALEJANDRO\.m2\repository\org\springframework\spring-aspects\5.3.13\spring-aspects-5.3.13.jar;C:\Users\ALEJANDRO\.m2\repository\org\springframework\boot\spring-boot-starter-thymeleaf\2.5.7\spring-boot-starter-thymeleaf-2.5.7.jar;C:\Users\ALEJANDRO\.m2\repository\org\thymeleaf\thymeleaf-spring5\3.0.12.RELEASE\thymeleaf-spring5-3.0.12.RELEASE.jar;C:\Users\ALEJANDRO\.m2\repository\org\thymeleaf\thymeleaf\3.0.12.RELEASE\thymeleaf-3.0.12.RELEASE.jar;C:\Users\ALEJANDRO\.m2\repository\org\attoparser\attoparser\2.0.5.RELEASE\attoparser-2.0.5.RELEASE.jar;C:\Users\ALEJANDRO\.m2\repository\org\unbescape\unbescape\1.1.6.RELEASE\unbescape-1.1.6.RELEASE.jar;C:\Users\ALEJANDRO\.m2\repository\org\thymeleaf\extras\thymeleaf-extras-java8time\3.0.4.RELEASE\thymeleaf-extras-java8time-3.0.4.RELEASE.jar;C:\Users\ALEJANDRO\.m2\repository\org\springframework\boot\spring-boot-starter-validation\2.5.7\spring-boot-starter-validation-2.5.7.jar;C:\Users\ALEJANDRO\.m2\repository\org\apache\tomcat\embed\tomcat-embed-el\9.0.55\tomcat-embed-el-9.0.55.jar;C:\Users\ALEJANDRO\.m2\repository\org\hibernate\validator\hibernate-validator\6.2.0.Final\hibernate-validator-6.2.0.Final.jar;C:\Users\ALEJANDRO\.m2\repository\jakarta\validation\jakarta.validation-api\2.0.2\jakarta.validation-api-2.0.2.jar;C:\Users\ALEJANDRO\.m2\repository\org\springframework\boot\spring-boot-starter-web\2.5.7\spring-boot-starter-web-2.5.7.jar;C:\Users\ALEJANDRO\.m2\repository\org\springframework\boot\spring-boot-starter-json\2.5.7\spring-boot-starter-json-2.5.7.jar;C:\Users\ALEJANDRO\.m2\repository\com\fasterxml\jackson\datatype\jackson-datatype-jdk8\2.12.5\jackson-datatype-jdk8-2.12.5.jar;C:\Users\ALEJANDRO\.m2\repository\com\fasterxml\jackson\module\jackson-module-parameter-names\2.12.5\jackson-module-parameter-names-2.12.5.jar;C:\Users\ALEJANDRO\.m2\repository\org\springframework\boot\spring-boot-starter-tomcat\2.5.7\spring-boot-starter-tomcat-2.5.7.jar;C:\Users\ALEJANDRO\.m2\repository\org\apache\tomcat\embed\tomcat-embed-core\9.0.55\tomcat-embed-core-9.0.55.jar;C:\Users\ALEJANDRO\.m2\repository\org\apache\tomcat\embed\tomcat-embed-websocket\9.0.55\tomcat-embed-websocket-9.0.55.jar;C:\Users\ALEJANDRO\.m2\repository\org\springframework\spring-web\5.3.13\spring-web-5.3.13.jar;C:\Users\ALEJANDRO\.m2\repository\org\springframework\spring-webmvc\5.3.13\spring-webmvc-5.3.13.jar;C:\Users\ALEJANDRO\.m2\repository\org\springframework\spring-expression\5.3.13\spring-expression-5.3.13.jar;C:\Users\ALEJANDRO\.m2\repository\org\springframework\boot\spring-boot-starter-actuator\2.5.7\spring-boot-starter-actuator-2.5.7.jar;C:\Users\ALEJANDRO\.m2\repository\org\springframework\boot\spring-boot-actuator-autoconfigure\2.5.7\spring-boot-actuator-autoconfigure-2.5.7.jar;C:\Users\ALEJANDRO\.m2\repository\org\springframework\boot\spring-boot-actuator\2.5.7\spring-boot-actuator-2.5.7.jar;C:\Users\ALEJANDRO\.m2\repository\io\micrometer\micrometer-core\1.7.6\micrometer-core-1.7.6.jar;C:\Users\ALEJANDRO\.m2\repository\org\hdrhistogram\HdrHistogram\2.1.12\HdrHistogram-2.1.12.jar;C:\Users\ALEJANDRO\.m2\repository\org\latencyutils\LatencyUtils\2.0.3\LatencyUtils-2.0.3.jar;C:\Users\ALEJANDRO\.m2\repository\org\flywaydb\flyway-core\7.7.3\flyway-core-7.7.3.jar;C:\Users\ALEJANDRO\.m2\repository\org\springframework\cloud\spring-cloud-starter-netflix-eureka-client\3.0.4\spring-cloud-starter-netflix-eureka-client-3.0.4.jar;C:\Users\ALEJANDRO\.m2\repository\org\springframework\cloud\spring-cloud-netflix-eureka-client\3.0.4\spring-cloud-netflix-eureka-client-3.0.4.jar;C:\Users\ALEJANDRO\.m2\repository\com\netflix\eureka\eureka-client\1.10.16\eureka-client-1.10.16.jar;C:\Users\ALEJANDRO\.m2\repository\com\netflix\netflix-commons\netflix-eventbus\0.3.0\netflix-eventbus-0.3.0.jar;C:\Users\ALEJANDRO\.m2\repository\com\netflix\netflix-commons\netflix-infix\0.3.0\netflix-infix-0.3.0.jar;C:\Users\ALEJANDRO\.m2\repository\commons-jxpath\commons-jxpath\1.3\commons-jxpath-1.3.jar;C:\Users\ALEJANDRO\.m2\repository\joda-time\joda-time\2.3\joda-time-2.3.jar;C:\Users\ALEJANDRO\.m2\repository\org\antlr\antlr-runtime\3.4\antlr-runtime-3.4.jar;C:\Users\ALEJANDRO\.m2\repository\org\antlr\stringtemplate\3.2.1\stringtemplate-3.2.1.jar;C:\Users\ALEJANDRO\.m2\repository\com\google\code\gson\gson\2.8.9\gson-2.8.9.jar;C:\Users\ALEJANDRO\.m2\repository\org\apache\commons\commons-math\2.2\commons-math-2.2.jar;C:\Users\ALEJANDRO\.m2\repository\com\thoughtworks\xstream\xstream\1.4.18\xstream-1.4.18.jar;C:\Users\ALEJANDRO\.m2\repository\io\github\x-stream\mxparser\1.2.2\mxparser-1.2.2.jar;C:\Users\ALEJANDRO\.m2\repository\xmlpull\xmlpull\1.1.3.1\xmlpull-1.1.3.1.jar;C:\Users\ALEJANDRO\.m2\repository\javax\ws\rs\jsr311-api\1.1.1\jsr311-api-1.1.1.jar;C:\Users\ALEJANDRO\.m2\repository\com\netflix\servo\servo-core\0.12.21\servo-core-0.12.21.jar;C:\Users\ALEJANDRO\.m2\repository\com\google\guava\guava\19.0\guava-19.0.jar;C:\Users\ALEJANDRO\.m2\repository\commons-configuration\commons-configuration\1.10\commons-configuration-1.10.jar;C:\Users\ALEJANDRO\.m2\repository\commons-lang\commons-lang\2.6\commons-lang-2.6.jar;C:\Users\ALEJANDRO\.m2\repository\com\google\inject\guice\4.1.0\guice-4.1.0.jar;C:\Users\ALEJANDRO\.m2\repository\javax\inject\javax.inject\1\javax.inject-1.jar;C:\Users\ALEJANDRO\.m2\repository\aopalliance\aopalliance\1.0\aopalliance-1.0.jar;C:\Users\ALEJANDRO\.m2\repository\org\codehaus\jettison\jettison\1.4.0\jettison-1.4.0.jar;C:\Users\ALEJANDRO\.m2\repository\com\netflix\eureka\eureka-core\1.10.16\eureka-core-1.10.16.jar;C:\Users\ALEJANDRO\.m2\repository\com\fasterxml\woodstox\woodstox-core\6.2.1\woodstox-core-6.2.1.jar;C:\Users\ALEJANDRO\.m2\repository\org\codehaus\woodstox\stax2-api\4.2.1\stax2-api-4.2.1.jar;C:\Users\ALEJANDRO\.m2\repository\org\springframework\cloud\spring-cloud-starter-loadbalancer\3.0.4\spring-cloud-starter-loadbalancer-3.0.4.jar;C:\Users\ALEJANDRO\.m2\repository\org\springframework\cloud\spring-cloud-loadbalancer\3.0.4\spring-cloud-loadbalancer-3.0.4.jar;C:\Users\ALEJANDRO\.m2\repository\io\projectreactor\reactor-core\3.4.12\reactor-core-3.4.12.jar;C:\Users\ALEJANDRO\.m2\repository\org\reactivestreams\reactive-streams\1.0.3\reactive-streams-1.0.3.jar;C:\Users\ALEJANDRO\.m2\repository\io\projectreactor\addons\reactor-extra\3.4.5\reactor-extra-3.4.5.jar;C:\Users\ALEJANDRO\.m2\repository\org\springframework\boot\spring-boot-starter-cache\2.5.7\spring-boot-starter-cache-2.5.7.jar;C:\Users\ALEJANDRO\.m2\repository\org\springframework\spring-context-support\5.3.13\spring-context-support-5.3.13.jar;C:\Users\ALEJANDRO\.m2\repository\com\stoyanr\evictor\1.0.0\evictor-1.0.0.jar;C:\Users\ALEJANDRO\.m2\repository\com\h2database\h2\1.4.200\h2-1.4.200.jar;C:\Users\ALEJANDRO\.m2\repository\mysql\mysql-connector-java\8.0.27\mysql-connector-java-8.0.27.jar;C:\Users\ALEJANDRO\.m2\repository\org\projectlombok\lombok\1.18.22\lombok-1.18.22.jar;C:\Users\ALEJANDRO\.m2\repository\org\springframework\boot\spring-boot-starter-test\2.5.7\spring-boot-starter-test-2.5.7.jar;C:\Users\ALEJANDRO\.m2\repository\org\springframework\boot\spring-boot-test\2.5.7\spring-boot-test-2.5.7.jar;C:\Users\ALEJANDRO\.m2\repository\org\springframework\boot\spring-boot-test-autoconfigure\2.5.7\spring-boot-test-autoconfigure-2.5.7.jar;C:\Users\ALEJANDRO\.m2\repository\com\jayway\jsonpath\json-path\2.5.0\json-path-2.5.0.jar;C:\Users\ALEJANDRO\.m2\repository\net\minidev\json-smart\2.4.7\json-smart-2.4.7.jar;C:\Users\ALEJANDRO\.m2\repository\net\minidev\accessors-smart\2.4.7\accessors-smart-2.4.7.jar;C:\Users\ALEJANDRO\.m2\repository\org\ow2\asm\asm\9.1\asm-9.1.jar;C:\Users\ALEJANDRO\.m2\repository\jakarta\xml\bind\jakarta.xml.bind-api\2.3.3\jakarta.xml.bind-api-2.3.3.jar;C:\Users\ALEJANDRO\.m2\repository\jakarta\activation\jakarta.activation-api\1.2.2\jakarta.activation-api-1.2.2.jar;C:\Users\ALEJANDRO\.m2\repository\org\assertj\assertj-core\3.19.0\assertj-core-3.19.0.jar;C:\Users\ALEJANDRO\.m2\repository\org\junit\jupiter\junit-jupiter\5.7.2\junit-jupiter-5.7.2.jar;C:\Users\ALEJANDRO\.m2\repository\org\junit\jupiter\junit-jupiter-params\5.7.2\junit-jupiter-params-5.7.2.jar;C:\Users\ALEJANDRO\.m2\repository\org\junit\jupiter\junit-jupiter-engine\5.7.2\junit-jupiter-engine-5.7.2.jar;C:\Users\ALEJANDRO\.m2\repository\org\junit\platform\junit-platform-engine\1.7.2\junit-platform-engine-1.7.2.jar;C:\Users\ALEJANDRO\.m2\repository\org\mockito\mockito-core\3.9.0\mockito-core-3.9.0.jar;C:\Users\ALEJANDRO\.m2\repository\net\bytebuddy\byte-buddy-agent\1.10.22\byte-buddy-agent-1.10.22.jar;C:\Users\ALEJANDRO\.m2\repository\org\objenesis\objenesis\3.2\objenesis-3.2.jar;C:\Users\ALEJANDRO\.m2\repository\org\mockito\mockito-junit-jupiter\3.9.0\mockito-junit-jupiter-3.9.0.jar;C:\Users\ALEJANDRO\.m2\repository\org\skyscreamer\jsonassert\1.5.0\jsonassert-1.5.0.jar;C:\Users\ALEJANDRO\.m2\repository\com\vaadin\external\google\android-json\0.0.20131108.vaadin1\android-json-0.0.20131108.vaadin1.jar;C:\Users\ALEJANDRO\.m2\repository\org\springframework\spring-core\5.3.13\spring-core-5.3.13.jar;C:\Users\ALEJANDRO\.m2\repository\org\springframework\spring-jcl\5.3.13\spring-jcl-5.3.13.jar;C:\Users\ALEJANDRO\.m2\repository\org\springframework\spring-test\5.3.13\spring-test-5.3.13.jar;C:\Users\ALEJANDRO\.m2\repository\org\xmlunit\xmlunit-core\2.8.3\xmlunit-core-2.8.3.jar;C:\Users\ALEJANDRO\.m2\repository\org\testcontainers\mysql\1.16.0\mysql-1.16.0.jar;C:\Users\ALEJANDRO\.m2\repository\org\testcontainers\jdbc\1.16.0\jdbc-1.16.0.jar;C:\Users\ALEJANDRO\.m2\repository\org\testcontainers\database-commons\1.16.0\database-commons-1.16.0.jar;C:\Users\ALEJANDRO\.m2\repository\org\testcontainers\junit-jupiter\1.16.0\junit-jupiter-1.16.0.jar;C:\Users\ALEJANDRO\.m2\repository\org\testcontainers\testcontainers\1.16.0\testcontainers-1.16.0.jar;C:\Users\ALEJANDRO\.m2\repository\junit\junit\4.13.2\junit-4.13.2.jar;C:\Users\ALEJANDRO\.m2\repository\org\hamcrest\hamcrest-core\2.2\hamcrest-core-2.2.jar;C:\Users\ALEJANDRO\.m2\repository\org\apache\commons\commons-compress\1.20\commons-compress-1.20.jar;C:\Users\ALEJANDRO\.m2\repository\org\rnorth\duct-tape\duct-tape\1.0.8\duct-tape-1.0.8.jar;C:\Users\ALEJANDRO\.m2\repository\com\github\docker-java\docker-java-api\3.2.11\docker-java-api-3.2.11.jar;C:\Users\ALEJANDRO\.m2\repository\com\github\docker-java\docker-java-transport-zerodep\3.2.11\docker-java-transport-zerodep-3.2.11.jar;C:\Users\ALEJANDRO\.m2\repository\com\github\docker-java\docker-java-transport\3.2.11\docker-java-transport-3.2.11.jar;C:\Users\ALEJANDRO\.m2\repository\net\java\dev\jna\jna\5.8.0\jna-5.8.0.jar;C:\Users\ALEJANDRO\.m2\repository\org\junit\jupiter\junit-jupiter-api\5.7.2\junit-jupiter-api-5.7.2.jar;C:\Users\ALEJANDRO\.m2\repository\org\apiguardian\apiguardian-api\1.1.0\apiguardian-api-1.1.0.jar;C:\Users\ALEJANDRO\.m2\repository\org\opentest4j\opentest4j\1.2.0\opentest4j-1.2.0.jar;C:\Users\ALEJANDRO\.m2\repository\org\junit\platform\junit-platform-commons\1.7.2\junit-platform-commons-1.7.2.jar;C:\Users\ALEJANDRO\.m2\repository\org\hamcrest\hamcrest\2.2\hamcrest-2.2.jar;C:\Users\ALEJANDRO\.m2\repository\io\rest-assured\rest-assured\4.3.3\rest-assured-4.3.3.jar;C:\Users\ALEJANDRO\.m2\repository\org\codehaus\groovy\groovy\3.0.9\groovy-3.0.9.jar;C:\Users\ALEJANDRO\.m2\repository\org\codehaus\groovy\groovy-xml\3.0.9\groovy-xml-3.0.9.jar;C:\Users\ALEJANDRO\.m2\repository\org\apache\httpcomponents\httpclient\4.5.13\httpclient-4.5.13.jar;C:\Users\ALEJANDRO\.m2\repository\org\apache\httpcomponents\httpcore\4.4.14\httpcore-4.4.14.jar;C:\Users\ALEJANDRO\.m2\repository\commons-codec\commons-codec\1.15\commons-codec-1.15.jar;C:\Users\ALEJANDRO\.m2\repository\org\apache\httpcomponents\httpmime\4.5.13\httpmime-4.5.13.jar;C:\Users\ALEJANDRO\.m2\repository\org\ccil\cowan\tagsoup\tagsoup\1.2.1\tagsoup-1.2.1.jar;C:\Users\ALEJANDRO\.m2\repository\io\rest-assured\json-path\4.3.3\json-path-4.3.3.jar;C:\Users\ALEJANDRO\.m2\repository\org\codehaus\groovy\groovy-json\3.0.9\groovy-json-3.0.9.jar;C:\Users\ALEJANDRO\.m2\repository\io\rest-assured\rest-assured-common\4.3.3\rest-assured-common-4.3.3.jar;C:\Users\ALEJANDRO\.m2\repository\io\rest-assured\xml-path\4.3.3\xml-path-4.3.3.jar;C:\Users\ALEJANDRO\.m2\repository\org\apache\commons\commons-lang3\3.12.0\commons-lang3-3.12.0.jar;C:\Users\ALEJANDRO\.m2\repository\com\sun\xml\bind\jaxb-impl\2.3.3\jaxb-impl-2.3.3.jar;C:\Users\ALEJANDRO\.m2\repository\org\awaitility\awaitility\4.0.3\awaitility-4.0.3.jar;C:\Users\ALEJANDRO\.m2\repository\org\springframework\boot\spring-boot-starter\2.5.7\spring-boot-starter-2.5.7.jar;C:\Users\ALEJANDRO\.m2\repository\org\springframework\boot\spring-boot\2.5.7\spring-boot-2.5.7.jar;C:\Users\ALEJANDRO\.m2\repository\org\springframework\boot\spring-boot-autoconfigure\2.5.7\spring-boot-autoconfigure-2.5.7.jar;C:\Users\ALEJANDRO\.m2\repository\org\springframework\boot\spring-boot-starter-logging\2.5.7\spring-boot-starter-logging-2.5.7.jar;C:\Users\ALEJANDRO\.m2\repository\ch\qos\logback\logback-classic\1.2.7\logback-classic-1.2.7.jar;C:\Users\ALEJANDRO\.m2\repository\ch\qos\logback\logback-core\1.2.7\logback-core-1.2.7.jar;C:\Users\ALEJANDRO\.m2\repository\org\apache\logging\log4j\log4j-to-slf4j\2.14.1\log4j-to-slf4j-2.14.1.jar;C:\Users\ALEJANDRO\.m2\repository\org\apache\logging\log4j\log4j-api\2.14.1\log4j-api-2.14.1.jar;C:\Users\ALEJANDRO\.m2\repository\org\slf4j\jul-to-slf4j\1.7.32\jul-to-slf4j-1.7.32.jar;C:\Users\ALEJANDRO\.m2\repository\jakarta\annotation\jakarta.annotation-api\1.3.5\jakarta.annotation-api-1.3.5.jar;C:\Users\ALEJANDRO\.m2\repository\org\yaml\snakeyaml\1.28\snakeyaml-1.28.jar;C:\Users\ALEJANDRO\.m2\repository\org\springframework\cloud\spring-cloud-starter-circuitbreaker-resilience4j\2.0.2\spring-cloud-starter-circuitbreaker-resilience4j-2.0.2.jar;C:\Users\ALEJANDRO\.m2\repository\org\springframework\cloud\spring-cloud-circuitbreaker-resilience4j\2.0.2\spring-cloud-circuitbreaker-resilience4j-2.0.2.jar;C:\Users\ALEJANDRO\.m2\repository\io\github\resilience4j\resilience4j-spring-boot2\1.7.0\resilience4j-spring-boot2-1.7.0.jar;C:\Users\ALEJANDRO\.m2\repository\io\github\resilience4j\resilience4j-spring\1.7.0\resilience4j-spring-1.7.0.jar;C:\Users\ALEJANDRO\.m2\repository\io\github\resilience4j\resilience4j-annotations\1.7.0\resilience4j-annotations-1.7.0.jar;C:\Users\ALEJANDRO\.m2\repository\io\github\resilience4j\resilience4j-consumer\1.7.0\resilience4j-consumer-1.7.0.jar;C:\Users\ALEJANDRO\.m2\repository\io\github\resilience4j\resilience4j-circularbuffer\1.7.0\resilience4j-circularbuffer-1.7.0.jar;C:\Users\ALEJANDRO\.m2\repository\io\github\resilience4j\resilience4j-framework-common\1.7.0\resilience4j-framework-common-1.7.0.jar;C:\Users\ALEJANDRO\.m2\repository\io\github\resilience4j\resilience4j-ratelimiter\1.7.0\resilience4j-ratelimiter-1.7.0.jar;C:\Users\ALEJANDRO\.m2\repository\io\github\resilience4j\resilience4j-retry\1.7.0\resilience4j-retry-1.7.0.jar;C:\Users\ALEJANDRO\.m2\repository\io\github\resilience4j\resilience4j-micrometer\1.7.0\resilience4j-micrometer-1.7.0.jar;C:\Users\ALEJANDRO\.m2\repository\io\github\resilience4j\resilience4j-circuitbreaker\1.7.0\resilience4j-circuitbreaker-1.7.0.jar;C:\Users\ALEJANDRO\.m2\repository\io\vavr\vavr\0.10.2\vavr-0.10.2.jar;C:\Users\ALEJANDRO\.m2\repository\io\vavr\vavr-match\0.10.2\vavr-match-0.10.2.jar;C:\Users\ALEJANDRO\.m2\repository\io\github\resilience4j\resilience4j-core\1.7.0\resilience4j-core-1.7.0.jar;C:\Users\ALEJANDRO\.m2\repository\io\github\resilience4j\resilience4j-timelimiter\1.7.0\resilience4j-timelimiter-1.7.0.jar;C:\Users\ALEJANDRO\.m2\repository\io\micrometer\micrometer-registry-prometheus\1.7.6\micrometer-registry-prometheus-1.7.6.jar;C:\Users\ALEJANDRO\.m2\repository\io\prometheus\simpleclient_common\0.10.0\simpleclient_common-0.10.0.jar;C:\Users\ALEJANDRO\.m2\repository\io\prometheus\simpleclient\0.10.0\simpleclient-0.10.0.jar;C:\Users\ALEJANDRO\.m2\repository\org\springframework\cloud\spring-cloud-sleuth-zipkin\3.0.4\spring-cloud-sleuth-zipkin-3.0.4.jar;C:\Users\ALEJANDRO\.m2\repository\org\springframework\cloud\spring-cloud-sleuth-instrumentation\3.0.4\spring-cloud-sleuth-instrumentation-3.0.4.jar;C:\Users\ALEJANDRO\.m2\repository\org\springframework\cloud\spring-cloud-sleuth-api\3.0.4\spring-cloud-sleuth-api-3.0.4.jar;C:\Users\ALEJANDRO\.m2\repository\org\aspectj\aspectjrt\1.9.7\aspectjrt-1.9.7.jar;C:\Users\ALEJANDRO\.m2\repository\io\zipkin\zipkin2\zipkin\2.23.0\zipkin-2.23.0.jar;C:\Users\ALEJANDRO\.m2\repository\io\zipkin\reporter2\zipkin-reporter\2.16.1\zipkin-reporter-2.16.1.jar;C:\Users\ALEJANDRO\.m2\repository\io\zipkin\reporter2\zipkin-reporter-brave\2.16.1\zipkin-reporter-brave-2.16.1.jar;C:\Users\ALEJANDRO\.m2\repository\io\zipkin\reporter2\zipkin-sender-kafka\2.16.1\zipkin-sender-kafka-2.16.1.jar;C:\Users\ALEJANDRO\.m2\repository\io\zipkin\reporter2\zipkin-sender-activemq-client\2.16.1\zipkin-sender-activemq-client-2.16.1.jar;C:\Users\ALEJANDRO\.m2\repository\io\zipkin\reporter2\zipkin-sender-amqp-client\2.16.1\zipkin-sender-amqp-client-2.16.1.jar;C:\Users\ALEJANDRO\.m2\repository\org\springframework\cloud\spring-cloud-starter-sleuth\3.0.4\spring-cloud-starter-sleuth-3.0.4.jar;C:\Users\ALEJANDRO\.m2\repository\org\springframework\cloud\spring-cloud-sleuth-autoconfigure\3.0.4\spring-cloud-sleuth-autoconfigure-3.0.4.jar;C:\Users\ALEJANDRO\.m2\repository\org\springframework\cloud\spring-cloud-sleuth-brave\3.0.4\spring-cloud-sleuth-brave-3.0.4.jar;C:\Users\ALEJANDRO\.m2\repository\io\zipkin\brave\brave\5.13.2\brave-5.13.2.jar;C:\Users\ALEJANDRO\.m2\repository\io\zipkin\brave\brave-context-slf4j\5.13.2\brave-context-slf4j-5.13.2.jar;C:\Users\ALEJANDRO\.m2\repository\io\zipkin\brave\brave-instrumentation-messaging\5.13.2\brave-instrumentation-messaging-5.13.2.jar;C:\Users\ALEJANDRO\.m2\repository\io\zipkin\brave\brave-instrumentation-rpc\5.13.2\brave-instrumentation-rpc-5.13.2.jar;C:\Users\ALEJANDRO\.m2\repository\io\zipkin\brave\brave-instrumentation-spring-rabbit\5.13.2\brave-instrumentation-spring-rabbit-5.13.2.jar;C:\Users\ALEJANDRO\.m2\repository\io\zipkin\brave\brave-instrumentation-kafka-clients\5.13.2\brave-instrumentation-kafka-clients-5.13.2.jar;C:\Users\ALEJANDRO\.m2\repository\io\zipkin\brave\brave-instrumentation-kafka-streams\5.13.2\brave-instrumentation-kafka-streams-5.13.2.jar;C:\Users\ALEJANDRO\.m2\repository\io\zipkin\brave\brave-instrumentation-httpclient\5.13.2\brave-instrumentation-httpclient-5.13.2.jar;C:\Users\ALEJANDRO\.m2\repository\io\zipkin\brave\brave-instrumentation-http\5.13.2\brave-instrumentation-http-5.13.2.jar;C:\Users\ALEJANDRO\.m2\repository\io\zipkin\brave\brave-instrumentation-httpasyncclient\5.13.2\brave-instrumentation-httpasyncclient-5.13.2.jar;C:\Users\ALEJANDRO\.m2\repository\io\zipkin\brave\brave-instrumentation-jms\5.13.2\brave-instrumentation-jms-5.13.2.jar;C:\Users\ALEJANDRO\.m2\repository\io\zipkin\brave\brave-instrumentation-mongodb\5.13.2\brave-instrumentation-mongodb-5.13.2.jar;C:\Users\ALEJANDRO\.m2\repository\io\zipkin\aws\brave-propagation-aws\0.21.3\brave-propagation-aws-0.21.3.jar;C:\Users\ALEJANDRO\.m2\repository\io\zipkin\reporter2\zipkin-reporter-metrics-micrometer\2.16.1\zipkin-reporter-metrics-micrometer-2.16.1.jar;C:\Users\ALEJANDRO\.m2\repository\org\springframework\boot\spring-boot-devtools\2.5.7\spring-boot-devtools-2.5.7.jar;C:\Users\ALEJANDRO\.m2\repository\org\springframework\boot\spring-boot-configuration-processor\2.5.7\spring-boot-configuration-processor-2.5.7.jar;C:\Users\ALEJANDRO\.m2\repository\com\fasterxml\jackson\datatype\jackson-datatype-jsr310\2.12.5\jackson-datatype-jsr310-2.12.5.jar;C:\Users\ALEJANDRO\.m2\repository\com\fasterxml\jackson\core\jackson-annotations\2.12.5\jackson-annotations-2.12.5.jar;C:\Users\ALEJANDRO\.m2\repository\com\fasterxml\jackson\core\jackson-core\2.12.5\jackson-core-2.12.5.jar;C:\Users\ALEJANDRO\.m2\repository\org\springdoc\springdoc-openapi-ui\1.6.3\springdoc-openapi-ui-1.6.3.jar;C:\Users\ALEJANDRO\.m2\repository\org\springdoc\springdoc-openapi-webmvc-core\1.6.3\springdoc-openapi-webmvc-core-1.6.3.jar;C:\Users\ALEJANDRO\.m2\repository\org\springdoc\springdoc-openapi-common\1.6.3\springdoc-openapi-common-1.6.3.jar;C:\Users\ALEJANDRO\.m2\repository\io\swagger\core\v3\swagger-models\2.1.12\swagger-models-2.1.12.jar;C:\Users\ALEJANDRO\.m2\repository\io\swagger\core\v3\swagger-annotations\2.1.12\swagger-annotations-2.1.12.jar;C:\Users\ALEJANDRO\.m2\repository\io\swagger\core\v3\swagger-integration\2.1.12\swagger-integration-2.1.12.jar;C:\Users\ALEJANDRO\.m2\repository\io\swagger\core\v3\swagger-core\2.1.12\swagger-core-2.1.12.jar;C:\Users\ALEJANDRO\.m2\repository\com\fasterxml\jackson\dataformat\jackson-dataformat-yaml\2.12.5\jackson-dataformat-yaml-2.12.5.jar;C:\Users\ALEJANDRO\.m2\repository\io\github\classgraph\classgraph\4.8.117\classgraph-4.8.117.jar;C:\Users\ALEJANDRO\.m2\repository\io\github\toolfactory\jvm-driver\4.0.0\jvm-driver-4.0.0.jar;C:\Users\ALEJANDRO\.m2\repository\io\github\toolfactory\narcissus\1.0.1\narcissus-1.0.1.jar;C:\Users\ALEJANDRO\.m2\repository\org\webjars\swagger-ui\4.1.3\swagger-ui-4.1.3.jar;C:\Users\ALEJANDRO\.m2\repository\org\webjars\webjars-locator-core\0.46\webjars-locator-core-0.46.jar;"/>
    <property name="java.vm.vendor" value="Eclipse Adoptium"/>
    <property name="sun.arch.data.model" value="64"/>
    <property name="user.variant" value=""/>
    <property name="java.vendor.url" value="https://adoptium.net/"/>
    <property name="user.timezone" value="America/Bogota"/>
    <property name="java.vm.specification.version" value="11"/>
    <property name="os.name" value="Windows 11"/>
    <property name="sun.java.launcher" value="SUN_STANDARD"/>
    <property name="user.country" value="ES"/>
    <property name="sun.boot.library.path" value="C:\Program Files\Eclipse Adoptium\jdk-11.0.27.6-hotspot\bin"/>
    <property name="sun.java.command" value="C:\Users\ALEJAN~1\AppData\Local\Temp\surefire14906246579012766950\surefirebooter17953178739516339981.jar C:\Users\ALEJANDRO\AppData\Local\Temp\surefire14906246579012766950 2025-05-24T15-39-16_022-jvmRun1 surefire10155490185727508856tmp surefire_015462765644750916469tmp"/>
    <property name="jdk.debug" value="release"/>
    <property name="test" value="*Test"/>
    <property name="surefire.test.class.path" value="C:\Users\ALEJANDRO\Desktop\ecommerce-microservice-backend-app-Manuel\user-service\target\test-classes;C:\Users\ALEJANDRO\Desktop\ecommerce-microservice-backend-app-Manuel\user-service\target\classes;C:\Users\ALEJANDRO\.m2\repository\org\springframework\cloud\spring-cloud-starter\3.0.4\spring-cloud-starter-3.0.4.jar;C:\Users\ALEJANDRO\.m2\repository\org\springframework\cloud\spring-cloud-context\3.0.4\spring-cloud-context-3.0.4.jar;C:\Users\ALEJANDRO\.m2\repository\org\springframework\security\spring-security-crypto\5.5.3\spring-security-crypto-5.5.3.jar;C:\Users\ALEJANDRO\.m2\repository\org\springframework\cloud\spring-cloud-commons\3.0.4\spring-cloud-commons-3.0.4.jar;C:\Users\ALEJANDRO\.m2\repository\org\springframework\security\spring-security-rsa\1.0.10.RELEASE\spring-security-rsa-1.0.10.RELEASE.jar;C:\Users\ALEJANDRO\.m2\repository\org\bouncycastle\bcpkix-jdk15on\1.68\bcpkix-jdk15on-1.68.jar;C:\Users\ALEJANDRO\.m2\repository\org\bouncycastle\bcprov-jdk15on\1.68\bcprov-jdk15on-1.68.jar;C:\Users\ALEJANDRO\.m2\repository\org\springframework\cloud\spring-cloud-starter-config\3.0.5\spring-cloud-starter-config-3.0.5.jar;C:\Users\ALEJANDRO\.m2\repository\org\springframework\cloud\spring-cloud-config-client\3.0.5\spring-cloud-config-client-3.0.5.jar;C:\Users\ALEJANDRO\.m2\repository\com\fasterxml\jackson\core\jackson-databind\2.12.5\jackson-databind-2.12.5.jar;C:\Users\ALEJANDRO\.m2\repository\org\springframework\boot\spring-boot-starter-data-jpa\2.5.7\spring-boot-starter-data-jpa-2.5.7.jar;C:\Users\ALEJANDRO\.m2\repository\org\springframework\boot\spring-boot-starter-aop\2.5.7\spring-boot-starter-aop-2.5.7.jar;C:\Users\ALEJANDRO\.m2\repository\org\springframework\spring-aop\5.3.13\spring-aop-5.3.13.jar;C:\Users\ALEJANDRO\.m2\repository\org\aspectj\aspectjweaver\1.9.7\aspectjweaver-1.9.7.jar;C:\Users\ALEJANDRO\.m2\repository\org\springframework\boot\spring-boot-starter-jdbc\2.5.7\spring-boot-starter-jdbc-2.5.7.jar;C:\Users\ALEJANDRO\.m2\repository\com\zaxxer\HikariCP\4.0.3\HikariCP-4.0.3.jar;C:\Users\ALEJANDRO\.m2\repository\org\springframework\spring-jdbc\5.3.13\spring-jdbc-5.3.13.jar;C:\Users\ALEJANDRO\.m2\repository\jakarta\transaction\jakarta.transaction-api\1.3.3\jakarta.transaction-api-1.3.3.jar;C:\Users\ALEJANDRO\.m2\repository\jakarta\persistence\jakarta.persistence-api\2.2.3\jakarta.persistence-api-2.2.3.jar;C:\Users\ALEJANDRO\.m2\repository\org\hibernate\hibernate-core\5.4.32.Final\hibernate-core-5.4.32.Final.jar;C:\Users\ALEJANDRO\.m2\repository\org\jboss\logging\jboss-logging\3.4.2.Final\jboss-logging-3.4.2.Final.jar;C:\Users\ALEJANDRO\.m2\repository\org\javassist\javassist\3.27.0-GA\javassist-3.27.0-GA.jar;C:\Users\ALEJANDRO\.m2\repository\net\bytebuddy\byte-buddy\1.10.22\byte-buddy-1.10.22.jar;C:\Users\ALEJANDRO\.m2\repository\antlr\antlr\2.7.7\antlr-2.7.7.jar;C:\Users\ALEJANDRO\.m2\repository\org\jboss\jandex\2.2.3.Final\jandex-2.2.3.Final.jar;C:\Users\ALEJANDRO\.m2\repository\com\fasterxml\classmate\1.5.1\classmate-1.5.1.jar;C:\Users\ALEJANDRO\.m2\repository\org\dom4j\dom4j\2.1.3\dom4j-2.1.3.jar;C:\Users\ALEJANDRO\.m2\repository\org\hibernate\common\hibernate-commons-annotations\5.1.2.Final\hibernate-commons-annotations-5.1.2.Final.jar;C:\Users\ALEJANDRO\.m2\repository\org\glassfish\jaxb\jaxb-runtime\2.3.5\jaxb-runtime-2.3.5.jar;C:\Users\ALEJANDRO\.m2\repository\org\glassfish\jaxb\txw2\2.3.5\txw2-2.3.5.jar;C:\Users\ALEJANDRO\.m2\repository\com\sun\istack\istack-commons-runtime\3.0.12\istack-commons-runtime-3.0.12.jar;C:\Users\ALEJANDRO\.m2\repository\com\sun\activation\jakarta.activation\1.2.2\jakarta.activation-1.2.2.jar;C:\Users\ALEJANDRO\.m2\repository\org\springframework\data\spring-data-jpa\2.5.7\spring-data-jpa-2.5.7.jar;C:\Users\ALEJANDRO\.m2\repository\org\springframework\data\spring-data-commons\2.5.7\spring-data-commons-2.5.7.jar;C:\Users\ALEJANDRO\.m2\repository\org\springframework\spring-orm\5.3.13\spring-orm-5.3.13.jar;C:\Users\ALEJANDRO\.m2\repository\org\springframework\spring-context\5.3.13\spring-context-5.3.13.jar;C:\Users\ALEJANDRO\.m2\repository\org\springframework\spring-tx\5.3.13\spring-tx-5.3.13.jar;C:\Users\ALEJANDRO\.m2\repository\org\springframework\spring-beans\5.3.13\spring-beans-5.3.13.jar;C:\Users\ALEJANDRO\.m2\repository\org\slf4j\slf4j-api\1.7.32\slf4j-api-1.7.32.jar;C:\Users\ALEJANDRO\.m2\repository\org\springframework\spring-aspects\5.3.13\spring-aspects-5.3.13.jar;C:\Users\ALEJANDRO\.m2\repository\org\springframework\boot\spring-boot-starter-thymeleaf\2.5.7\spring-boot-starter-thymeleaf-2.5.7.jar;C:\Users\ALEJANDRO\.m2\repository\org\thymeleaf\thymeleaf-spring5\3.0.12.RELEASE\thymeleaf-spring5-3.0.12.RELEASE.jar;C:\Users\ALEJANDRO\.m2\repository\org\thymeleaf\thymeleaf\3.0.12.RELEASE\thymeleaf-3.0.12.RELEASE.jar;C:\Users\ALEJANDRO\.m2\repository\org\attoparser\attoparser\2.0.5.RELEASE\attoparser-2.0.5.RELEASE.jar;C:\Users\ALEJANDRO\.m2\repository\org\unbescape\unbescape\1.1.6.RELEASE\unbescape-1.1.6.RELEASE.jar;C:\Users\ALEJANDRO\.m2\repository\org\thymeleaf\extras\thymeleaf-extras-java8time\3.0.4.RELEASE\thymeleaf-extras-java8time-3.0.4.RELEASE.jar;C:\Users\ALEJANDRO\.m2\repository\org\springframework\boot\spring-boot-starter-validation\2.5.7\spring-boot-starter-validation-2.5.7.jar;C:\Users\ALEJANDRO\.m2\repository\org\apache\tomcat\embed\tomcat-embed-el\9.0.55\tomcat-embed-el-9.0.55.jar;C:\Users\ALEJANDRO\.m2\repository\org\hibernate\validator\hibernate-validator\6.2.0.Final\hibernate-validator-6.2.0.Final.jar;C:\Users\ALEJANDRO\.m2\repository\jakarta\validation\jakarta.validation-api\2.0.2\jakarta.validation-api-2.0.2.jar;C:\Users\ALEJANDRO\.m2\repository\org\springframework\boot\spring-boot-starter-web\2.5.7\spring-boot-starter-web-2.5.7.jar;C:\Users\ALEJANDRO\.m2\repository\org\springframework\boot\spring-boot-starter-json\2.5.7\spring-boot-starter-json-2.5.7.jar;C:\Users\ALEJANDRO\.m2\repository\com\fasterxml\jackson\datatype\jackson-datatype-jdk8\2.12.5\jackson-datatype-jdk8-2.12.5.jar;C:\Users\ALEJANDRO\.m2\repository\com\fasterxml\jackson\module\jackson-module-parameter-names\2.12.5\jackson-module-parameter-names-2.12.5.jar;C:\Users\ALEJANDRO\.m2\repository\org\springframework\boot\spring-boot-starter-tomcat\2.5.7\spring-boot-starter-tomcat-2.5.7.jar;C:\Users\ALEJANDRO\.m2\repository\org\apache\tomcat\embed\tomcat-embed-core\9.0.55\tomcat-embed-core-9.0.55.jar;C:\Users\ALEJANDRO\.m2\repository\org\apache\tomcat\embed\tomcat-embed-websocket\9.0.55\tomcat-embed-websocket-9.0.55.jar;C:\Users\ALEJANDRO\.m2\repository\org\springframework\spring-web\5.3.13\spring-web-5.3.13.jar;C:\Users\ALEJANDRO\.m2\repository\org\springframework\spring-webmvc\5.3.13\spring-webmvc-5.3.13.jar;C:\Users\ALEJANDRO\.m2\repository\org\springframework\spring-expression\5.3.13\spring-expression-5.3.13.jar;C:\Users\ALEJANDRO\.m2\repository\org\springframework\boot\spring-boot-starter-actuator\2.5.7\spring-boot-starter-actuator-2.5.7.jar;C:\Users\ALEJANDRO\.m2\repository\org\springframework\boot\spring-boot-actuator-autoconfigure\2.5.7\spring-boot-actuator-autoconfigure-2.5.7.jar;C:\Users\ALEJANDRO\.m2\repository\org\springframework\boot\spring-boot-actuator\2.5.7\spring-boot-actuator-2.5.7.jar;C:\Users\ALEJANDRO\.m2\repository\io\micrometer\micrometer-core\1.7.6\micrometer-core-1.7.6.jar;C:\Users\ALEJANDRO\.m2\repository\org\hdrhistogram\HdrHistogram\2.1.12\HdrHistogram-2.1.12.jar;C:\Users\ALEJANDRO\.m2\repository\org\latencyutils\LatencyUtils\2.0.3\LatencyUtils-2.0.3.jar;C:\Users\ALEJANDRO\.m2\repository\org\flywaydb\flyway-core\7.7.3\flyway-core-7.7.3.jar;C:\Users\ALEJANDRO\.m2\repository\org\springframework\cloud\spring-cloud-starter-netflix-eureka-client\3.0.4\spring-cloud-starter-netflix-eureka-client-3.0.4.jar;C:\Users\ALEJANDRO\.m2\repository\org\springframework\cloud\spring-cloud-netflix-eureka-client\3.0.4\spring-cloud-netflix-eureka-client-3.0.4.jar;C:\Users\ALEJANDRO\.m2\repository\com\netflix\eureka\eureka-client\1.10.16\eureka-client-1.10.16.jar;C:\Users\ALEJANDRO\.m2\repository\com\netflix\netflix-commons\netflix-eventbus\0.3.0\netflix-eventbus-0.3.0.jar;C:\Users\ALEJANDRO\.m2\repository\com\netflix\netflix-commons\netflix-infix\0.3.0\netflix-infix-0.3.0.jar;C:\Users\ALEJANDRO\.m2\repository\commons-jxpath\commons-jxpath\1.3\commons-jxpath-1.3.jar;C:\Users\ALEJANDRO\.m2\repository\joda-time\joda-time\2.3\joda-time-2.3.jar;C:\Users\ALEJANDRO\.m2\repository\org\antlr\antlr-runtime\3.4\antlr-runtime-3.4.jar;C:\Users\ALEJANDRO\.m2\repository\org\antlr\stringtemplate\3.2.1\stringtemplate-3.2.1.jar;C:\Users\ALEJANDRO\.m2\repository\com\google\code\gson\gson\2.8.9\gson-2.8.9.jar;C:\Users\ALEJANDRO\.m2\repository\org\apache\commons\commons-math\2.2\commons-math-2.2.jar;C:\Users\ALEJANDRO\.m2\repository\com\thoughtworks\xstream\xstream\1.4.18\xstream-1.4.18.jar;C:\Users\ALEJANDRO\.m2\repository\io\github\x-stream\mxparser\1.2.2\mxparser-1.2.2.jar;C:\Users\ALEJANDRO\.m2\repository\xmlpull\xmlpull\1.1.3.1\xmlpull-1.1.3.1.jar;C:\Users\ALEJANDRO\.m2\repository\javax\ws\rs\jsr311-api\1.1.1\jsr311-api-1.1.1.jar;C:\Users\ALEJANDRO\.m2\repository\com\netflix\servo\servo-core\0.12.21\servo-core-0.12.21.jar;C:\Users\ALEJANDRO\.m2\repository\com\google\guava\guava\19.0\guava-19.0.jar;C:\Users\ALEJANDRO\.m2\repository\commons-configuration\commons-configuration\1.10\commons-configuration-1.10.jar;C:\Users\ALEJANDRO\.m2\repository\commons-lang\commons-lang\2.6\commons-lang-2.6.jar;C:\Users\ALEJANDRO\.m2\repository\com\google\inject\guice\4.1.0\guice-4.1.0.jar;C:\Users\ALEJANDRO\.m2\repository\javax\inject\javax.inject\1\javax.inject-1.jar;C:\Users\ALEJANDRO\.m2\repository\aopalliance\aopalliance\1.0\aopalliance-1.0.jar;C:\Users\ALEJANDRO\.m2\repository\org\codehaus\jettison\jettison\1.4.0\jettison-1.4.0.jar;C:\Users\ALEJANDRO\.m2\repository\com\netflix\eureka\eureka-core\1.10.16\eureka-core-1.10.16.jar;C:\Users\ALEJANDRO\.m2\repository\com\fasterxml\woodstox\woodstox-core\6.2.1\woodstox-core-6.2.1.jar;C:\Users\ALEJANDRO\.m2\repository\org\codehaus\woodstox\stax2-api\4.2.1\stax2-api-4.2.1.jar;C:\Users\ALEJANDRO\.m2\repository\org\springframework\cloud\spring-cloud-starter-loadbalancer\3.0.4\spring-cloud-starter-loadbalancer-3.0.4.jar;C:\Users\ALEJANDRO\.m2\repository\org\springframework\cloud\spring-cloud-loadbalancer\3.0.4\spring-cloud-loadbalancer-3.0.4.jar;C:\Users\ALEJANDRO\.m2\repository\io\projectreactor\reactor-core\3.4.12\reactor-core-3.4.12.jar;C:\Users\ALEJANDRO\.m2\repository\org\reactivestreams\reactive-streams\1.0.3\reactive-streams-1.0.3.jar;C:\Users\ALEJANDRO\.m2\repository\io\projectreactor\addons\reactor-extra\3.4.5\reactor-extra-3.4.5.jar;C:\Users\ALEJANDRO\.m2\repository\org\springframework\boot\spring-boot-starter-cache\2.5.7\spring-boot-starter-cache-2.5.7.jar;C:\Users\ALEJANDRO\.m2\repository\org\springframework\spring-context-support\5.3.13\spring-context-support-5.3.13.jar;C:\Users\ALEJANDRO\.m2\repository\com\stoyanr\evictor\1.0.0\evictor-1.0.0.jar;C:\Users\ALEJANDRO\.m2\repository\com\h2database\h2\1.4.200\h2-1.4.200.jar;C:\Users\ALEJANDRO\.m2\repository\mysql\mysql-connector-java\8.0.27\mysql-connector-java-8.0.27.jar;C:\Users\ALEJANDRO\.m2\repository\org\projectlombok\lombok\1.18.22\lombok-1.18.22.jar;C:\Users\ALEJANDRO\.m2\repository\org\springframework\boot\spring-boot-starter-test\2.5.7\spring-boot-starter-test-2.5.7.jar;C:\Users\ALEJANDRO\.m2\repository\org\springframework\boot\spring-boot-test\2.5.7\spring-boot-test-2.5.7.jar;C:\Users\ALEJANDRO\.m2\repository\org\springframework\boot\spring-boot-test-autoconfigure\2.5.7\spring-boot-test-autoconfigure-2.5.7.jar;C:\Users\ALEJANDRO\.m2\repository\com\jayway\jsonpath\json-path\2.5.0\json-path-2.5.0.jar;C:\Users\ALEJANDRO\.m2\repository\net\minidev\json-smart\2.4.7\json-smart-2.4.7.jar;C:\Users\ALEJANDRO\.m2\repository\net\minidev\accessors-smart\2.4.7\accessors-smart-2.4.7.jar;C:\Users\ALEJANDRO\.m2\repository\org\ow2\asm\asm\9.1\asm-9.1.jar;C:\Users\ALEJANDRO\.m2\repository\jakarta\xml\bind\jakarta.xml.bind-api\2.3.3\jakarta.xml.bind-api-2.3.3.jar;C:\Users\ALEJANDRO\.m2\repository\jakarta\activation\jakarta.activation-api\1.2.2\jakarta.activation-api-1.2.2.jar;C:\Users\ALEJANDRO\.m2\repository\org\assertj\assertj-core\3.19.0\assertj-core-3.19.0.jar;C:\Users\ALEJANDRO\.m2\repository\org\junit\jupiter\junit-jupiter\5.7.2\junit-jupiter-5.7.2.jar;C:\Users\ALEJANDRO\.m2\repository\org\junit\jupiter\junit-jupiter-params\5.7.2\junit-jupiter-params-5.7.2.jar;C:\Users\ALEJANDRO\.m2\repository\org\junit\jupiter\junit-jupiter-engine\5.7.2\junit-jupiter-engine-5.7.2.jar;C:\Users\ALEJANDRO\.m2\repository\org\junit\platform\junit-platform-engine\1.7.2\junit-platform-engine-1.7.2.jar;C:\Users\ALEJANDRO\.m2\repository\org\mockito\mockito-core\3.9.0\mockito-core-3.9.0.jar;C:\Users\ALEJANDRO\.m2\repository\net\bytebuddy\byte-buddy-agent\1.10.22\byte-buddy-agent-1.10.22.jar;C:\Users\ALEJANDRO\.m2\repository\org\objenesis\objenesis\3.2\objenesis-3.2.jar;C:\Users\ALEJANDRO\.m2\repository\org\mockito\mockito-junit-jupiter\3.9.0\mockito-junit-jupiter-3.9.0.jar;C:\Users\ALEJANDRO\.m2\repository\org\skyscreamer\jsonassert\1.5.0\jsonassert-1.5.0.jar;C:\Users\ALEJANDRO\.m2\repository\com\vaadin\external\google\android-json\0.0.20131108.vaadin1\android-json-0.0.20131108.vaadin1.jar;C:\Users\ALEJANDRO\.m2\repository\org\springframework\spring-core\5.3.13\spring-core-5.3.13.jar;C:\Users\ALEJANDRO\.m2\repository\org\springframework\spring-jcl\5.3.13\spring-jcl-5.3.13.jar;C:\Users\ALEJANDRO\.m2\repository\org\springframework\spring-test\5.3.13\spring-test-5.3.13.jar;C:\Users\ALEJANDRO\.m2\repository\org\xmlunit\xmlunit-core\2.8.3\xmlunit-core-2.8.3.jar;C:\Users\ALEJANDRO\.m2\repository\org\testcontainers\mysql\1.16.0\mysql-1.16.0.jar;C:\Users\ALEJANDRO\.m2\repository\org\testcontainers\jdbc\1.16.0\jdbc-1.16.0.jar;C:\Users\ALEJANDRO\.m2\repository\org\testcontainers\database-commons\1.16.0\database-commons-1.16.0.jar;C:\Users\ALEJANDRO\.m2\repository\org\testcontainers\junit-jupiter\1.16.0\junit-jupiter-1.16.0.jar;C:\Users\ALEJANDRO\.m2\repository\org\testcontainers\testcontainers\1.16.0\testcontainers-1.16.0.jar;C:\Users\ALEJANDRO\.m2\repository\junit\junit\4.13.2\junit-4.13.2.jar;C:\Users\ALEJANDRO\.m2\repository\org\hamcrest\hamcrest-core\2.2\hamcrest-core-2.2.jar;C:\Users\ALEJANDRO\.m2\repository\org\apache\commons\commons-compress\1.20\commons-compress-1.20.jar;C:\Users\ALEJANDRO\.m2\repository\org\rnorth\duct-tape\duct-tape\1.0.8\duct-tape-1.0.8.jar;C:\Users\ALEJANDRO\.m2\repository\com\github\docker-java\docker-java-api\3.2.11\docker-java-api-3.2.11.jar;C:\Users\ALEJANDRO\.m2\repository\com\github\docker-java\docker-java-transport-zerodep\3.2.11\docker-java-transport-zerodep-3.2.11.jar;C:\Users\ALEJANDRO\.m2\repository\com\github\docker-java\docker-java-transport\3.2.11\docker-java-transport-3.2.11.jar;C:\Users\ALEJANDRO\.m2\repository\net\java\dev\jna\jna\5.8.0\jna-5.8.0.jar;C:\Users\ALEJANDRO\.m2\repository\org\junit\jupiter\junit-jupiter-api\5.7.2\junit-jupiter-api-5.7.2.jar;C:\Users\ALEJANDRO\.m2\repository\org\apiguardian\apiguardian-api\1.1.0\apiguardian-api-1.1.0.jar;C:\Users\ALEJANDRO\.m2\repository\org\opentest4j\opentest4j\1.2.0\opentest4j-1.2.0.jar;C:\Users\ALEJANDRO\.m2\repository\org\junit\platform\junit-platform-commons\1.7.2\junit-platform-commons-1.7.2.jar;C:\Users\ALEJANDRO\.m2\repository\org\hamcrest\hamcrest\2.2\hamcrest-2.2.jar;C:\Users\ALEJANDRO\.m2\repository\io\rest-assured\rest-assured\4.3.3\rest-assured-4.3.3.jar;C:\Users\ALEJANDRO\.m2\repository\org\codehaus\groovy\groovy\3.0.9\groovy-3.0.9.jar;C:\Users\ALEJANDRO\.m2\repository\org\codehaus\groovy\groovy-xml\3.0.9\groovy-xml-3.0.9.jar;C:\Users\ALEJANDRO\.m2\repository\org\apache\httpcomponents\httpclient\4.5.13\httpclient-4.5.13.jar;C:\Users\ALEJANDRO\.m2\repository\org\apache\httpcomponents\httpcore\4.4.14\httpcore-4.4.14.jar;C:\Users\ALEJANDRO\.m2\repository\commons-codec\commons-codec\1.15\commons-codec-1.15.jar;C:\Users\ALEJANDRO\.m2\repository\org\apache\httpcomponents\httpmime\4.5.13\httpmime-4.5.13.jar;C:\Users\ALEJANDRO\.m2\repository\org\ccil\cowan\tagsoup\tagsoup\1.2.1\tagsoup-1.2.1.jar;C:\Users\ALEJANDRO\.m2\repository\io\rest-assured\json-path\4.3.3\json-path-4.3.3.jar;C:\Users\ALEJANDRO\.m2\repository\org\codehaus\groovy\groovy-json\3.0.9\groovy-json-3.0.9.jar;C:\Users\ALEJANDRO\.m2\repository\io\rest-assured\rest-assured-common\4.3.3\rest-assured-common-4.3.3.jar;C:\Users\ALEJANDRO\.m2\repository\io\rest-assured\xml-path\4.3.3\xml-path-4.3.3.jar;C:\Users\ALEJANDRO\.m2\repository\org\apache\commons\commons-lang3\3.12.0\commons-lang3-3.12.0.jar;C:\Users\ALEJANDRO\.m2\repository\com\sun\xml\bind\jaxb-impl\2.3.3\jaxb-impl-2.3.3.jar;C:\Users\ALEJANDRO\.m2\repository\org\awaitility\awaitility\4.0.3\awaitility-4.0.3.jar;C:\Users\ALEJANDRO\.m2\repository\org\springframework\boot\spring-boot-starter\2.5.7\spring-boot-starter-2.5.7.jar;C:\Users\ALEJANDRO\.m2\repository\org\springframework\boot\spring-boot\2.5.7\spring-boot-2.5.7.jar;C:\Users\ALEJANDRO\.m2\repository\org\springframework\boot\spring-boot-autoconfigure\2.5.7\spring-boot-autoconfigure-2.5.7.jar;C:\Users\ALEJANDRO\.m2\repository\org\springframework\boot\spring-boot-starter-logging\2.5.7\spring-boot-starter-logging-2.5.7.jar;C:\Users\ALEJANDRO\.m2\repository\ch\qos\logback\logback-classic\1.2.7\logback-classic-1.2.7.jar;C:\Users\ALEJANDRO\.m2\repository\ch\qos\logback\logback-core\1.2.7\logback-core-1.2.7.jar;C:\Users\ALEJANDRO\.m2\repository\org\apache\logging\log4j\log4j-to-slf4j\2.14.1\log4j-to-slf4j-2.14.1.jar;C:\Users\ALEJANDRO\.m2\repository\org\apache\logging\log4j\log4j-api\2.14.1\log4j-api-2.14.1.jar;C:\Users\ALEJANDRO\.m2\repository\org\slf4j\jul-to-slf4j\1.7.32\jul-to-slf4j-1.7.32.jar;C:\Users\ALEJANDRO\.m2\repository\jakarta\annotation\jakarta.annotation-api\1.3.5\jakarta.annotation-api-1.3.5.jar;C:\Users\ALEJANDRO\.m2\repository\org\yaml\snakeyaml\1.28\snakeyaml-1.28.jar;C:\Users\ALEJANDRO\.m2\repository\org\springframework\cloud\spring-cloud-starter-circuitbreaker-resilience4j\2.0.2\spring-cloud-starter-circuitbreaker-resilience4j-2.0.2.jar;C:\Users\ALEJANDRO\.m2\repository\org\springframework\cloud\spring-cloud-circuitbreaker-resilience4j\2.0.2\spring-cloud-circuitbreaker-resilience4j-2.0.2.jar;C:\Users\ALEJANDRO\.m2\repository\io\github\resilience4j\resilience4j-spring-boot2\1.7.0\resilience4j-spring-boot2-1.7.0.jar;C:\Users\ALEJANDRO\.m2\repository\io\github\resilience4j\resilience4j-spring\1.7.0\resilience4j-spring-1.7.0.jar;C:\Users\ALEJANDRO\.m2\repository\io\github\resilience4j\resilience4j-annotations\1.7.0\resilience4j-annotations-1.7.0.jar;C:\Users\ALEJANDRO\.m2\repository\io\github\resilience4j\resilience4j-consumer\1.7.0\resilience4j-consumer-1.7.0.jar;C:\Users\ALEJANDRO\.m2\repository\io\github\resilience4j\resilience4j-circularbuffer\1.7.0\resilience4j-circularbuffer-1.7.0.jar;C:\Users\ALEJANDRO\.m2\repository\io\github\resilience4j\resilience4j-framework-common\1.7.0\resilience4j-framework-common-1.7.0.jar;C:\Users\ALEJANDRO\.m2\repository\io\github\resilience4j\resilience4j-ratelimiter\1.7.0\resilience4j-ratelimiter-1.7.0.jar;C:\Users\ALEJANDRO\.m2\repository\io\github\resilience4j\resilience4j-retry\1.7.0\resilience4j-retry-1.7.0.jar;C:\Users\ALEJANDRO\.m2\repository\io\github\resilience4j\resilience4j-micrometer\1.7.0\resilience4j-micrometer-1.7.0.jar;C:\Users\ALEJANDRO\.m2\repository\io\github\resilience4j\resilience4j-circuitbreaker\1.7.0\resilience4j-circuitbreaker-1.7.0.jar;C:\Users\ALEJANDRO\.m2\repository\io\vavr\vavr\0.10.2\vavr-0.10.2.jar;C:\Users\ALEJANDRO\.m2\repository\io\vavr\vavr-match\0.10.2\vavr-match-0.10.2.jar;C:\Users\ALEJANDRO\.m2\repository\io\github\resilience4j\resilience4j-core\1.7.0\resilience4j-core-1.7.0.jar;C:\Users\ALEJANDRO\.m2\repository\io\github\resilience4j\resilience4j-timelimiter\1.7.0\resilience4j-timelimiter-1.7.0.jar;C:\Users\ALEJANDRO\.m2\repository\io\micrometer\micrometer-registry-prometheus\1.7.6\micrometer-registry-prometheus-1.7.6.jar;C:\Users\ALEJANDRO\.m2\repository\io\prometheus\simpleclient_common\0.10.0\simpleclient_common-0.10.0.jar;C:\Users\ALEJANDRO\.m2\repository\io\prometheus\simpleclient\0.10.0\simpleclient-0.10.0.jar;C:\Users\ALEJANDRO\.m2\repository\org\springframework\cloud\spring-cloud-sleuth-zipkin\3.0.4\spring-cloud-sleuth-zipkin-3.0.4.jar;C:\Users\ALEJANDRO\.m2\repository\org\springframework\cloud\spring-cloud-sleuth-instrumentation\3.0.4\spring-cloud-sleuth-instrumentation-3.0.4.jar;C:\Users\ALEJANDRO\.m2\repository\org\springframework\cloud\spring-cloud-sleuth-api\3.0.4\spring-cloud-sleuth-api-3.0.4.jar;C:\Users\ALEJANDRO\.m2\repository\org\aspectj\aspectjrt\1.9.7\aspectjrt-1.9.7.jar;C:\Users\ALEJANDRO\.m2\repository\io\zipkin\zipkin2\zipkin\2.23.0\zipkin-2.23.0.jar;C:\Users\ALEJANDRO\.m2\repository\io\zipkin\reporter2\zipkin-reporter\2.16.1\zipkin-reporter-2.16.1.jar;C:\Users\ALEJANDRO\.m2\repository\io\zipkin\reporter2\zipkin-reporter-brave\2.16.1\zipkin-reporter-brave-2.16.1.jar;C:\Users\ALEJANDRO\.m2\repository\io\zipkin\reporter2\zipkin-sender-kafka\2.16.1\zipkin-sender-kafka-2.16.1.jar;C:\Users\ALEJANDRO\.m2\repository\io\zipkin\reporter2\zipkin-sender-activemq-client\2.16.1\zipkin-sender-activemq-client-2.16.1.jar;C:\Users\ALEJANDRO\.m2\repository\io\zipkin\reporter2\zipkin-sender-amqp-client\2.16.1\zipkin-sender-amqp-client-2.16.1.jar;C:\Users\ALEJANDRO\.m2\repository\org\springframework\cloud\spring-cloud-starter-sleuth\3.0.4\spring-cloud-starter-sleuth-3.0.4.jar;C:\Users\ALEJANDRO\.m2\repository\org\springframework\cloud\spring-cloud-sleuth-autoconfigure\3.0.4\spring-cloud-sleuth-autoconfigure-3.0.4.jar;C:\Users\ALEJANDRO\.m2\repository\org\springframework\cloud\spring-cloud-sleuth-brave\3.0.4\spring-cloud-sleuth-brave-3.0.4.jar;C:\Users\ALEJANDRO\.m2\repository\io\zipkin\brave\brave\5.13.2\brave-5.13.2.jar;C:\Users\ALEJANDRO\.m2\repository\io\zipkin\brave\brave-context-slf4j\5.13.2\brave-context-slf4j-5.13.2.jar;C:\Users\ALEJANDRO\.m2\repository\io\zipkin\brave\brave-instrumentation-messaging\5.13.2\brave-instrumentation-messaging-5.13.2.jar;C:\Users\ALEJANDRO\.m2\repository\io\zipkin\brave\brave-instrumentation-rpc\5.13.2\brave-instrumentation-rpc-5.13.2.jar;C:\Users\ALEJANDRO\.m2\repository\io\zipkin\brave\brave-instrumentation-spring-rabbit\5.13.2\brave-instrumentation-spring-rabbit-5.13.2.jar;C:\Users\ALEJANDRO\.m2\repository\io\zipkin\brave\brave-instrumentation-kafka-clients\5.13.2\brave-instrumentation-kafka-clients-5.13.2.jar;C:\Users\ALEJANDRO\.m2\repository\io\zipkin\brave\brave-instrumentation-kafka-streams\5.13.2\brave-instrumentation-kafka-streams-5.13.2.jar;C:\Users\ALEJANDRO\.m2\repository\io\zipkin\brave\brave-instrumentation-httpclient\5.13.2\brave-instrumentation-httpclient-5.13.2.jar;C:\Users\ALEJANDRO\.m2\repository\io\zipkin\brave\brave-instrumentation-http\5.13.2\brave-instrumentation-http-5.13.2.jar;C:\Users\ALEJANDRO\.m2\repository\io\zipkin\brave\brave-instrumentation-httpasyncclient\5.13.2\brave-instrumentation-httpasyncclient-5.13.2.jar;C:\Users\ALEJANDRO\.m2\repository\io\zipkin\brave\brave-instrumentation-jms\5.13.2\brave-instrumentation-jms-5.13.2.jar;C:\Users\ALEJANDRO\.m2\repository\io\zipkin\brave\brave-instrumentation-mongodb\5.13.2\brave-instrumentation-mongodb-5.13.2.jar;C:\Users\ALEJANDRO\.m2\repository\io\zipkin\aws\brave-propagation-aws\0.21.3\brave-propagation-aws-0.21.3.jar;C:\Users\ALEJANDRO\.m2\repository\io\zipkin\reporter2\zipkin-reporter-metrics-micrometer\2.16.1\zipkin-reporter-metrics-micrometer-2.16.1.jar;C:\Users\ALEJANDRO\.m2\repository\org\springframework\boot\spring-boot-devtools\2.5.7\spring-boot-devtools-2.5.7.jar;C:\Users\ALEJANDRO\.m2\repository\org\springframework\boot\spring-boot-configuration-processor\2.5.7\spring-boot-configuration-processor-2.5.7.jar;C:\Users\ALEJANDRO\.m2\repository\com\fasterxml\jackson\datatype\jackson-datatype-jsr310\2.12.5\jackson-datatype-jsr310-2.12.5.jar;C:\Users\ALEJANDRO\.m2\repository\com\fasterxml\jackson\core\jackson-annotations\2.12.5\jackson-annotations-2.12.5.jar;C:\Users\ALEJANDRO\.m2\repository\com\fasterxml\jackson\core\jackson-core\2.12.5\jackson-core-2.12.5.jar;C:\Users\ALEJANDRO\.m2\repository\org\springdoc\springdoc-openapi-ui\1.6.3\springdoc-openapi-ui-1.6.3.jar;C:\Users\ALEJANDRO\.m2\repository\org\springdoc\springdoc-openapi-webmvc-core\1.6.3\springdoc-openapi-webmvc-core-1.6.3.jar;C:\Users\ALEJANDRO\.m2\repository\org\springdoc\springdoc-openapi-common\1.6.3\springdoc-openapi-common-1.6.3.jar;C:\Users\ALEJANDRO\.m2\repository\io\swagger\core\v3\swagger-models\2.1.12\swagger-models-2.1.12.jar;C:\Users\ALEJANDRO\.m2\repository\io\swagger\core\v3\swagger-annotations\2.1.12\swagger-annotations-2.1.12.jar;C:\Users\ALEJANDRO\.m2\repository\io\swagger\core\v3\swagger-integration\2.1.12\swagger-integration-2.1.12.jar;C:\Users\ALEJANDRO\.m2\repository\io\swagger\core\v3\swagger-core\2.1.12\swagger-core-2.1.12.jar;C:\Users\ALEJANDRO\.m2\repository\com\fasterxml\jackson\dataformat\jackson-dataformat-yaml\2.12.5\jackson-dataformat-yaml-2.12.5.jar;C:\Users\ALEJANDRO\.m2\repository\io\github\classgraph\classgraph\4.8.117\classgraph-4.8.117.jar;C:\Users\ALEJANDRO\.m2\repository\io\github\toolfactory\jvm-driver\4.0.0\jvm-driver-4.0.0.jar;C:\Users\ALEJANDRO\.m2\repository\io\github\toolfactory\narcissus\1.0.1\narcissus-1.0.1.jar;C:\Users\ALEJANDRO\.m2\repository\org\webjars\swagger-ui\4.1.3\swagger-ui-4.1.3.jar;C:\Users\ALEJANDRO\.m2\repository\org\webjars\webjars-locator-core\0.46\webjars-locator-core-0.46.jar;"/>
    <property name="sun.cpu.endian" value="little"/>
    <property name="user.home" value="C:\Users\ALEJANDRO"/>
    <property name="user.language" value="es"/>
    <property name="java.specification.vendor" value="Oracle Corporation"/>
    <property name="java.version.date" value="2025-04-15"/>
    <property name="java.home" value="C:\Program Files\Eclipse Adoptium\jdk-11.0.27.6-hotspot"/>
    <property name="file.separator" value="\"/>
    <property name="basedir" value="C:\Users\ALEJANDRO\Desktop\ecommerce-microservice-backend-app-Manuel\user-service"/>
    <property name="java.vm.compressedOopsMode" value="Zero based"/>
    <property name="line.separator" value="&#10;"/>
    <property name="java.specification.name" value="Java Platform API Specification"/>
    <property name="java.vm.specification.vendor" value="Oracle Corporation"/>
    <property name="java.awt.graphicsenv" value="sun.awt.Win32GraphicsEnvironment"/>
    <property name="surefire.real.class.path" value="C:\Users\ALEJAN~1\AppData\Local\Temp\surefire14906246579012766950\surefirebooter17953178739516339981.jar"/>
    <property name="user.script" value=""/>
    <property name="sun.management.compiler" value="HotSpot 64-Bit Tiered Compilers"/>
    <property name="java.runtime.version" value="11.0.27+6"/>
    <property name="user.name" value="ALEJANDRO"/>
    <property name="path.separator" value=";"/>
    <property name="os.version" value="10.0"/>
    <property name="java.runtime.name" value="OpenJDK Runtime Environment"/>
    <property name="file.encoding" value="Cp1252"/>
    <property name="java.vm.name" value="OpenJDK 64-Bit Server VM"/>
    <property name="java.vendor.version" value="Temurin-11.0.27+6"/>
    <property name="localRepository" value="C:\Users\ALEJANDRO\.m2\repository"/>
    <property name="java.vendor.url.bug" value="https://github.com/adoptium/adoptium-support/issues"/>
    <property name="java.io.tmpdir" value="C:\Users\ALEJAN~1\AppData\Local\Temp\"/>
    <property name="java.version" value="11.0.27"/>
    <property name="user.dir" value="C:\Users\ALEJANDRO\Desktop\ecommerce-microservice-backend-app-Manuel\user-service"/>
    <property name="os.arch" value="amd64"/>
    <property name="java.vm.specification.name" value="Java Virtual Machine Specification"/>
    <property name="java.awt.printerjob" value="sun.awt.windows.WPrinterJob"/>
    <property name="sun.os.patch.level" value=""/>
    <property name="java.library.path" value="C:\Program Files\Eclipse Adoptium\jdk-11.0.27.6-hotspot\bin;C:\WINDOWS\Sun\Java\bin;C:\WINDOWS\system32;C:\WINDOWS;C:\Users\ALEJANDRO\AppData\Roaming\Python\Python313\Scripts;C:\Users\ALEJANDRO\bin;C:\Program Files\Git\mingw64\bin;C:\Program Files\Git\usr\local\bin;C:\Program Files\Git\usr\bin;C:\Program Files\Git\usr\bin;C:\Program Files\Git\mingw64\bin;C:\Program Files\Git\usr\bin;C:\Users\ALEJANDRO\bin;C:\Program Files\Eclipse Adoptium\jdk-11.0.27.6-hotspot\bin;C:\Python313\Scripts;C:\Python313;C:\Program Files\Microsoft SDKs\Azure\CLI2\wbin;C:\Users\ALEJANDRO\AppData\Local\Programs\cursor\resources\app\bin;C:\Program Files\Common Files\Oracle\Java\javapath;C:\Windows\system32;C:\Windows;C:\Windows\System32\Wbem;C:\Windows\System32\WindowsPowerShell\v1.0;C:\Windows\System32\OpenSSH;C:\Program Files (x86)\NVIDIA Corporation\PhysX\Common;C:\WINDOWS\system32;C:\WINDOWS;C:\WINDOWS\System32\Wbem;C:\WINDOWS\System32\WindowsPowerShell\v1.0;C:\WINDOWS\System32\OpenSSH;C:\Program Files (x86)\ZeroTier\One;C:\Program Files\ZeroC\Ice-3.7.10\bin;C:\Program Files\NVIDIA Corporation\NVIDIA App\NvDLISR;C:\ProgramData\chocolatey\bin;C:\Program Files\dotnet;C:\Program Files\swipl\bin;C:\Users\ALEJANDRO\AppData\Local\Programs\Python\Python312;C:\Users\ALEJANDRO\AppData\Local\Microsoft\WindowsApps;C:\Users\ALEJANDRO\Downloads\gradle-7.6.4-all\gradle-7.6.4\bin;C:\Program Files\PostgreSQL\16\bin;C:\Users\ALEJANDRO\AppData\Local;C:\WINDOWS\system32;C:\WINDOWS;C:\WINDOWS\System32\Wbem;C:\WINDOWS\System32\WindowsPowerShell\v1.0;C:\WINDOWS\System32\OpenSSH;C:\Program Files (x86)\GnuPG\bin;C:\Program Files\Docker\Docker\resources\bin;C:\Program Files\cursor\resources\app\bin;C:\ProgramData\chocolatey\lib\maven\apache-maven-3.9.9\bin;C:\Program Files (x86)\Go\bin;C:\Program Files\nodejs;C:\Program Files\Git\cmd;D:\Minikube;C:\Users\ALEJANDRO\AppData\Local\pnpm;C:\Users\ALEJANDRO\AppData\Local\Programs\Python\Python312;C:\Users\ALEJANDRO\AppData\Local\Microsoft\WindowsApps;C:\Users\ALEJANDRO\Downloads\gradle-7.6.4-all\gradle-7.6.4\bin;C:\Program Files\PostgreSQL\16\bin;C:\Users\ALEJANDRO\AppData\Local\GitHubDesktop\bin;C:\Users\ALEJANDRO\AppData\Local\Programs\Python\Python312\Scripts;C:\Program Files (x86)\Nmap;C:\Program Files (x86)\Nmap\ncat.exe;C:\Users\ALEJANDRO\AppData\Local\Programs\mongosh;C:\Users\ALEJANDRO\AppData\Local\Programs\cursor\resources\app\bin;C:\Users\ALEJANDRO\go\bin;C:\Users\ALEJANDRO\AppData\Local\Microsoft\WinGet\Links;C:\Users\ALEJANDRO\AppData\Roaming\npm;C:\Users\ALEJANDRO\.cursor\extensions\ms-python.debugpy-2025.8.0-win32-x64\bundled\scripts\noConfigScripts;C:\Program Files\Git\usr\bin\vendor_perl;C:\Program Files\Git\usr\bin\core_perl;."/>
    <property name="java.vm.info" value="mixed mode"/>
    <property name="java.vendor" value="Eclipse Adoptium"/>
    <property name="java.vm.version" value="11.0.27+6"/>
    <property name="java.specification.maintenance.version" value="3"/>
    <property name="sun.io.unicode.encoding" value="UnicodeLittle"/>
    <property name="java.class.version" value="55.0"/>
  </properties>
  <testcase name="testFindByUsername_WhenUserExists_ShouldReturnUser" classname="com.selimhorri.app.service.UserServiceImplTest" time="0.893"/>
  <testcase name="testFindById_WhenUserNotExists_ShouldThrowException" classname="com.selimhorri.app.service.UserServiceImplTest" time="0.004"/>
  <testcase name="testFindById_WhenUserExists_ShouldReturnUser" classname="com.selimhorri.app.service.UserServiceImplTest" time="0.002"/>
  <testcase name="testFindByUsername_WhenUserNotExists_ShouldThrowException" classname="com.selimhorri.app.service.UserServiceImplTest" time="0.004"/>
  <testcase name="testDeleteById_ShouldDeleteUserSuccessfully" classname="com.selimhorri.app.service.UserServiceImplTest" time="0.007"/>
  <testcase name="testSave_ShouldSaveUserSuccessfully" classname="com.selimhorri.app.service.UserServiceImplTest" time="0.006"/>
  <testcase name="testFindAll_ShouldReturnAllUsers" classname="com.selimhorri.app.service.UserServiceImplTest" time="0.005"/>
</testsuite>